c:\users\lette\source\repos\budgetapp\debug\vc142.pdb
c:\users\lette\source\repos\budgetapp\debug\recipecategory.obj
c:\users\lette\source\repos\budgetapp\debug\ingredient.obj
c:\users\lette\source\repos\budgetapp\debug\budget.obj
c:\users\lette\source\repos\budgetapp\debug\recipe.obj
c:\users\lette\source\repos\budgetapp\debug\stringmanip.obj
c:\users\lette\source\repos\budgetapp\debug\category.obj
c:\users\lette\source\repos\budgetapp\debug\shoppinglist.obj
c:\users\lette\source\repos\budgetapp\debug\consolebudgetapp.exe
c:\users\lette\source\repos\budgetapp\debug\consolebudgetapp.ilk
c:\users\lette\source\repos\budgetapp\debug\consolebudgetapp.pdb
c:\users\lette\source\repos\budgetapp\debug\budgetapp tests.exp
c:\users\lette\source\repos\budgetapp\debug\budgetapp tests.pdb
c:\users\lette\source\repos\budgetapp\debug\budgetapp.pdb
c:\users\lette\source\repos\budgetapp\debug\consolebudgetapp.tlog\cl.command.1.tlog
c:\users\lette\source\repos\budgetapp\debug\consolebudgetapp.tlog\cl.read.1.tlog
c:\users\lette\source\repos\budgetapp\debug\consolebudgetapp.tlog\cl.write.1.tlog
c:\users\lette\source\repos\budgetapp\debug\consolebudgetapp.tlog\link.command.1.tlog
c:\users\lette\source\repos\budgetapp\debug\consolebudgetapp.tlog\link.read.1.tlog
c:\users\lette\source\repos\budgetapp\debug\consolebudgetapp.tlog\link.write.1.tlog
